2024.12.10 15:56:40 INFO  Started: Metals version 1.4.1 in folders 'D:\proj\FUNC_PROG\lb2' for client Visual Studio Code 1.95.3.
2024.12.10 15:56:40 WARN  Flyway upgrade recommended: H2 2.3.232 is newer than this version of Flyway and support has not been tested. The latest supported version of H2 is 2.2.224.
2024.12.10 15:56:42 INFO  no build target found for D:\proj\FUNC_PROG\lb2\build.sbt. Using presentation compiler with project's scala-library version: 3.3.4
2024.12.10 15:56:43 INFO  no build target found for D:\proj\FUNC_PROG\lb2\build.sbt. Using presentation compiler with project's scala-library version: 3.3.4
2024.12.10 15:56:43 INFO  no build target found for D:\proj\FUNC_PROG\lb2\build.sbt. Using presentation compiler with project's scala-library version: 3.3.4
2024.12.10 15:56:43 INFO  no build target found for D:\proj\FUNC_PROG\lb2\build.sbt. Using presentation compiler with project's scala-library version: 3.3.4
2024.12.10 15:56:44 WARN  Could not find semantic tokens for: file:///D:/proj/FUNC_PROG/lb2/build.sbt
2024.12.10 15:56:44 INFO  no build target found for D:\proj\FUNC_PROG\lb2\build.sbt. Using presentation compiler with project's scala-library version: 3.3.4
2024.12.10 15:56:44 INFO  no build target found for D:\proj\FUNC_PROG\lb2\build.sbt. Using presentation compiler with project's scala-library version: 3.3.4
2024.12.10 15:56:44 INFO  no build target found for D:\proj\FUNC_PROG\lb2\build.sbt. Using presentation compiler with project's scala-library version: 3.3.4
2024.12.10 15:56:44 INFO  no build target found for D:\proj\FUNC_PROG\lb2\build.sbt. Using presentation compiler with project's scala-library version: 3.3.4
2024.12.10 15:56:45 INFO  no build target found for D:\proj\FUNC_PROG\lb2\build.sbt. Using presentation compiler with project's scala-library version: 3.3.4
2024.12.10 15:56:45 INFO  no build target found for D:\proj\FUNC_PROG\lb2\build.sbt. Using presentation compiler with project's scala-library version: 3.3.4
2024.12.10 15:56:45 INFO  no build target found for D:\proj\FUNC_PROG\lb2\build.sbt. Using presentation compiler with project's scala-library version: 3.3.4
2024.12.10 15:56:46 INFO  no build target found for D:\proj\FUNC_PROG\lb2\build.sbt. Using presentation compiler with project's scala-library version: 3.3.4
2024.12.10 15:56:46 WARN  Could not find semantic tokens for: file:///D:/proj/FUNC_PROG/lb2/build.sbt
2024.12.10 15:56:45 INFO  no build target found for D:\proj\FUNC_PROG\lb2\build.sbt. Using presentation compiler with project's scala-library version: 3.3.4
2024.12.10 15:56:45 INFO  no build target found for D:\proj\FUNC_PROG\lb2\build.sbt. Using presentation compiler with project's scala-library version: 3.3.4
2024.12.10 15:56:47 INFO  no build target found for D:\proj\FUNC_PROG\lb2\build.sbt. Using presentation compiler with project's scala-library version: 3.3.4
2024.12.10 15:56:47 INFO  no build target found for D:\proj\FUNC_PROG\lb2\build.sbt. Using presentation compiler with project's scala-library version: 3.3.4
2024.12.10 15:56:47 INFO  no build target found for D:\proj\FUNC_PROG\lb2\build.sbt. Using presentation compiler with project's scala-library version: 3.3.4
2024.12.10 15:56:47 INFO  no build target found for D:\proj\FUNC_PROG\lb2\build.sbt. Using presentation compiler with project's scala-library version: 3.3.4
2024.12.10 15:56:48 INFO  no build target found for D:\proj\FUNC_PROG\lb2\build.sbt. Using presentation compiler with project's scala-library version: 3.3.4
2024.12.10 15:56:48 WARN  Could not find semantic tokens for: file:///D:/proj/FUNC_PROG/lb2/build.sbt
2024.12.10 15:56:48 WARN  no build target for: D:\proj\FUNC_PROG\lb2\build.sbt
2024.12.10 15:56:48 INFO  no build target found for D:\proj\FUNC_PROG\lb2\build.sbt. Using presentation compiler with project's scala-library version: 3.3.4
2024.12.10 15:56:49 INFO  no build target found for D:\proj\FUNC_PROG\lb2\build.sbt. Using presentation compiler with project's scala-library version: 3.3.4
2024.12.10 15:56:49 WARN  Could not find semantic tokens for: file:///D:/proj/FUNC_PROG/lb2/build.sbt
2024.12.10 15:56:51 INFO  no build target found for D:\proj\FUNC_PROG\lb2\build.sbt. Using presentation compiler with project's scala-library version: 3.3.4
2024.12.10 15:56:51 INFO  running 'C:\Program Files\Java\jdk-21\bin\java.exe -Djline.terminal=jline.UnsupportedTerminal -Dsbt.log.noformat=true -Dfile.encoding=UTF-8 -jar C:\Users\Alexis\AppData\Local\Temp\metals11895050417849006384\sbt-launch.jar -Dbloop.export-jar-classifiers=sources bloopInstall'
2024.12.10 15:56:53 INFO  [info] welcome to sbt 1.10.6 (Oracle Corporation Java 21.0.4)
2024.12.10 15:56:54 INFO  no build target found for D:\proj\FUNC_PROG\lb2\build.sbt. Using presentation compiler with project's scala-library version: 3.3.4
2024.12.10 15:56:54 INFO  no build target found for D:\proj\FUNC_PROG\lb2\build.sbt. Using presentation compiler with project's scala-library version: 3.3.4
2024.12.10 15:56:55 INFO  [info] loading settings for project lb2-build-build from metals.sbt...
2024.12.10 15:56:55 INFO  [info] loading project definition from D:\proj\FUNC_PROG\lb2\project\project
2024.12.10 15:56:57 INFO  no build target found for D:\proj\FUNC_PROG\lb2\src\main\scala\Main.scala. Using presentation compiler with project's scala-library version: 3.3.4
2024.12.10 15:56:57 INFO  no build target found for D:\proj\FUNC_PROG\lb2\src\main\scala\Main.scala. Using presentation compiler with project's scala-library version: 3.3.4
2024.12.10 15:56:58 INFO  [info] loading settings for project lb2-build from metals.sbt...
2024.12.10 15:56:58 INFO  [info] loading project definition from D:\proj\FUNC_PROG\lb2\project
2024.12.10 15:57:00 INFO  [success] Generated .bloop\lb2-build.json
2024.12.10 15:57:00 INFO  [success] Total time: 2 s, completed 10 дек. 2024 г., 15:57:00
2024.12.10 15:57:01 INFO  [info] loading settings for project lb2 from build.sbt...
2024.12.10 15:57:01 INFO  [info] set current project to hello-world (in build file:/D:/proj/FUNC_PROG/lb2/)
2024.12.10 15:57:01 INFO  [success] Generated .bloop\lb2.json
2024.12.10 15:57:01 INFO  [success] Generated .bloop\lb2-test.json
2024.12.10 15:57:01 INFO  [success] Total time: 1 s, completed 10 дек. 2024 г., 15:57:02
2024.12.10 15:57:02 INFO  time: ran 'sbt bloopInstall' in 11s
2024.12.10 15:57:02 INFO  Attempting to connect to the build server...
2024.12.10 15:57:02 INFO  Found a Bloop server running
2024.12.10 15:57:03 INFO  tracing is disabled for protocol BSP, to enable tracing of incoming and outgoing JSON messages create an empty file at D:\proj\FUNC_PROG\lb2\.metals\bsp.trace.json or C:\Users\Alexis\AppData\Local\scalameta\metals\cache\bsp.trace.json
2024.12.10 15:57:03 INFO  Attempting to connect to the build server...
2024.12.10 15:57:03 INFO  Found a Bloop server running
2024.12.10 15:57:03 INFO  tracing is disabled for protocol BSP, to enable tracing of incoming and outgoing JSON messages create an empty file at D:\proj\FUNC_PROG\lb2\project\.metals\bsp.trace.json or C:\Users\Alexis\AppData\Local\scalameta\metals\cache\bsp.trace.json
2024.12.10 15:57:03 INFO  time: Connected to build server in 1.05s
2024.12.10 15:57:03 INFO  Connected to Build server: Bloop v2.0.5
2024.12.10 15:57:03 INFO  running doctor check
2024.12.10 15:57:03 INFO  java targets: lb2, lb2-test, lb2-build
2024.12.10 15:57:06 WARN  Flyway upgrade recommended: H2 2.3.232 is newer than this version of Flyway and support has not been tested. The latest supported version of H2 is 2.2.224.
2024.12.10 15:57:12 INFO  time: indexed workspace in 8.54s
2024.12.10 16:09:13 INFO  compiling lb2 (1 scala source)
2024.12.10 16:09:16 INFO  time: compiled lb2 in 3.14s
2024.12.10 16:09:17 INFO  time: code lens generation in 1s
2024.12.10 16:09:17 INFO  time: code lens generation in 1s
2024.12.10 16:09:17 INFO  time: code lens generation in 1s
2024.12.10 16:12:34 INFO  compiling lb2 (1 scala source)
2024.12.10 16:12:34 INFO  time: compiled lb2 in 0.63s
2024.12.10 16:13:57 INFO  compiling lb2 (1 scala source)
2024.12.10 16:13:57 INFO  time: compiled lb2 in 0.84s
дек. 10, 2024 4:14:41 PM org.eclipse.lsp4j.jsonrpc.RemoteEndpoint handleCancellation
WARNING: Unmatched cancel notification for request id 368
2024.12.10 16:15:11 INFO  compiling lb2 (1 scala source)
2024.12.10 16:15:11 INFO  time: compiled lb2 in 0.53s
дек. 10, 2024 4:41:10 PM org.eclipse.lsp4j.jsonrpc.RemoteEndpoint handleCancellation
WARNING: Unmatched cancel notification for request id 513
2024.12.10 16:41:49 INFO  compiling lb2 (1 scala source)
2024.12.10 16:41:50 INFO  time: compiled lb2 in 1.29s
2024.12.10 16:43:24 INFO  compiling lb2 (1 scala source)
2024.12.10 16:43:24 INFO  time: compiled lb2 in 0.46s
2024.12.10 16:45:36 WARN  Could not find semantic tokens for: file:///D:/proj/FUNC_PROG/lb2/src/main/scala/Main.scala
2024.12.10 16:45:38 INFO  compiling lb2 (1 scala source)
2024.12.10 16:45:38 INFO  time: compiled lb2 in 0.84s
2024.12.10 16:48:45 WARN  Could not find semantic tokens for: file:///D:/proj/FUNC_PROG/lb2/src/main/scala/Main.scala
2024.12.10 16:48:49 INFO  compiling lb2 (1 scala source)
2024.12.10 16:48:49 INFO  time: compiled lb2 in 0.38s
2024.12.10 16:49:09 INFO  Shutting down server
2024.12.10 16:49:09 INFO  shutting down Metals
2024.12.10 16:49:09 INFO  Shut down connection with build server.
2024.12.10 16:49:09 INFO  Shut down connection with build server.
2024.12.10 16:49:09 INFO  Exiting server
2024.12.10 16:49:55 INFO  Started: Metals version 1.4.1 in folders 'D:\proj\FUNC_PROG\lb2' for client Visual Studio Code 1.95.3.
2024.12.10 16:49:55 WARN  Flyway upgrade recommended: H2 2.3.232 is newer than this version of Flyway and support has not been tested. The latest supported version of H2 is 2.2.224.
2024.12.10 16:49:56 INFO  no build target found for D:\proj\FUNC_PROG\lb2\build.sbt. Using presentation compiler with project's scala-library version: 3.3.4
дек. 10, 2024 4:49:56 PM org.eclipse.lsp4j.jsonrpc.RemoteEndpoint handleCancellation
WARNING: Unmatched cancel notification for request id 5
дек. 10, 2024 4:49:56 PM org.eclipse.lsp4j.jsonrpc.RemoteEndpoint handleCancellation
WARNING: Unmatched cancel notification for request id 1
2024.12.10 16:49:56 INFO  Attempting to connect to the build server...
2024.12.10 16:49:56 INFO  Found a Bloop server running
2024.12.10 16:49:57 INFO  no build target found for D:\proj\FUNC_PROG\lb2\build.sbt. Using presentation compiler with project's scala-library version: 3.3.4
2024.12.10 16:49:57 INFO  no build target found for D:\proj\FUNC_PROG\lb2\build.sbt. Using presentation compiler with project's scala-library version: 3.3.4
2024.12.10 16:49:57 INFO  tracing is disabled for protocol BSP, to enable tracing of incoming and outgoing JSON messages create an empty file at D:\proj\FUNC_PROG\lb2\.metals\bsp.trace.json or C:\Users\Alexis\AppData\Local\scalameta\metals\cache\bsp.trace.json
2024.12.10 16:49:57 INFO  Attempting to connect to the build server...
2024.12.10 16:49:57 INFO  Found a Bloop server running
2024.12.10 16:49:57 INFO  tracing is disabled for protocol BSP, to enable tracing of incoming and outgoing JSON messages create an empty file at D:\proj\FUNC_PROG\lb2\project\.metals\bsp.trace.json or C:\Users\Alexis\AppData\Local\scalameta\metals\cache\bsp.trace.json
2024.12.10 16:49:57 INFO  time: Connected to build server in 1.49s
2024.12.10 16:49:57 INFO  Connected to Build server: Bloop v2.0.5
2024.12.10 16:49:57 INFO  running doctor check
2024.12.10 16:49:57 INFO  java targets: lb2, lb2-test, lb2-build
2024.12.10 16:49:58 WARN  Could not find semantic tokens for: file:///D:/proj/FUNC_PROG/lb2/build.sbt
2024.12.10 16:50:01 WARN  Flyway upgrade recommended: H2 2.3.232 is newer than this version of Flyway and support has not been tested. The latest supported version of H2 is 2.2.224.
2024.12.10 16:50:02 INFO  time: indexed workspace in 4.43s
2024.12.10 16:51:03 INFO  Shutting down server
2024.12.10 16:51:03 INFO  shutting down Metals
2024.12.10 16:51:03 INFO  Shut down connection with build server.
2024.12.10 16:51:03 INFO  Shut down connection with build server.
2024.12.10 16:51:03 INFO  Exiting server
2024.12.10 16:54:19 INFO  Started: Metals version 1.4.1 in folders 'D:\proj\FUNC_PROG\lb2' for client Visual Studio Code 1.95.3.
2024.12.10 16:54:19 WARN  Flyway upgrade recommended: H2 2.3.232 is newer than this version of Flyway and support has not been tested. The latest supported version of H2 is 2.2.224.
2024.12.10 16:54:19 INFO  no build target found for D:\proj\FUNC_PROG\lb2\build.sbt. Using presentation compiler with project's scala-library version: 3.3.4
дек. 10, 2024 4:54:21 PM org.eclipse.lsp4j.jsonrpc.RemoteEndpoint handleCancellation
WARNING: Unmatched cancel notification for request id 1
2024.12.10 16:54:21 INFO  Attempting to connect to the build server...
2024.12.10 16:54:21 INFO  Found a Bloop server running
2024.12.10 16:54:22 INFO  tracing is disabled for protocol BSP, to enable tracing of incoming and outgoing JSON messages create an empty file at D:\proj\FUNC_PROG\lb2\.metals\bsp.trace.json or C:\Users\Alexis\AppData\Local\scalameta\metals\cache\bsp.trace.json
2024.12.10 16:54:22 INFO  Attempting to connect to the build server...
2024.12.10 16:54:22 INFO  Found a Bloop server running
2024.12.10 16:54:22 INFO  tracing is disabled for protocol BSP, to enable tracing of incoming and outgoing JSON messages create an empty file at D:\proj\FUNC_PROG\lb2\project\.metals\bsp.trace.json or C:\Users\Alexis\AppData\Local\scalameta\metals\cache\bsp.trace.json
2024.12.10 16:54:22 INFO  time: Connected to build server in 1.08s
2024.12.10 16:54:22 INFO  Connected to Build server: Bloop v2.0.5
2024.12.10 16:54:22 INFO  running doctor check
2024.12.10 16:54:22 INFO  java targets: lb2, lb2-test, lb2-build
2024.12.10 16:54:25 WARN  Flyway upgrade recommended: H2 2.3.232 is newer than this version of Flyway and support has not been tested. The latest supported version of H2 is 2.2.224.
2024.12.10 16:54:26 INFO  time: indexed workspace in 3.94s
2024.12.10 16:54:28 INFO  time: code lens generation in 2.04s
2024.12.10 16:54:37 ERROR SLF4J: Failed to load class "org.slf4j.impl.StaticLoggerBinder".
2024.12.10 16:54:37 ERROR SLF4J: Defaulting to no-operation (NOP) logger implementation
2024.12.10 16:54:37 ERROR SLF4J: See http://www.slf4j.org/codes.html#StaticLoggerBinder for further details.
2024.12.10 16:54:39 INFO  
2024.12.10 16:54:39 INFO  Template applied in D:\proj\FUNC_PROG\.\lb3
2024.12.10 16:54:39 INFO  
2024.12.10 16:54:39 INFO  time: ran 'giter8.Giter8' in 2.67s
2024.12.10 16:54:41 INFO  Shutting down server
2024.12.10 16:54:41 INFO  shutting down Metals
2024.12.10 16:54:41 INFO  Shut down connection with build server.
2024.12.10 16:54:41 INFO  Shut down connection with build server.
2024.12.10 16:54:41 INFO  Exiting server
2024.12.10 16:55:28 INFO  Started: Metals version 1.4.1 in folders 'D:\proj\FUNC_PROG\lb2' for client Visual Studio Code 1.95.3.
2024.12.10 16:55:28 WARN  Flyway upgrade recommended: H2 2.3.232 is newer than this version of Flyway and support has not been tested. The latest supported version of H2 is 2.2.224.
2024.12.10 16:55:28 INFO  no build target found for D:\proj\FUNC_PROG\lb2\build.sbt. Using presentation compiler with project's scala-library version: 3.3.4
дек. 10, 2024 4:55:29 PM org.eclipse.lsp4j.jsonrpc.RemoteEndpoint handleCancellation
WARNING: Unmatched cancel notification for request id 2
дек. 10, 2024 4:55:29 PM org.eclipse.lsp4j.jsonrpc.RemoteEndpoint handleCancellation
WARNING: Unmatched cancel notification for request id 1
2024.12.10 16:55:29 INFO  Attempting to connect to the build server...
2024.12.10 16:55:29 INFO  Found a Bloop server running
2024.12.10 16:55:30 INFO  no build target found for D:\proj\FUNC_PROG\lb2\build.sbt. Using presentation compiler with project's scala-library version: 3.3.4
2024.12.10 16:55:30 INFO  tracing is disabled for protocol BSP, to enable tracing of incoming and outgoing JSON messages create an empty file at D:\proj\FUNC_PROG\lb2\.metals\bsp.trace.json or C:\Users\Alexis\AppData\Local\scalameta\metals\cache\bsp.trace.json
2024.12.10 16:55:30 INFO  Attempting to connect to the build server...
2024.12.10 16:55:30 INFO  Found a Bloop server running
2024.12.10 16:55:30 INFO  no build target found for D:\proj\FUNC_PROG\lb2\build.sbt. Using presentation compiler with project's scala-library version: 3.3.4
2024.12.10 16:55:31 INFO  tracing is disabled for protocol BSP, to enable tracing of incoming and outgoing JSON messages create an empty file at D:\proj\FUNC_PROG\lb2\project\.metals\bsp.trace.json or C:\Users\Alexis\AppData\Local\scalameta\metals\cache\bsp.trace.json
2024.12.10 16:55:30 INFO  time: Connected to build server in 1.42s
2024.12.10 16:55:30 INFO  Connected to Build server: Bloop v2.0.5
2024.12.10 16:55:31 INFO  running doctor check
2024.12.10 16:55:31 INFO  java targets: lb2, lb2-test, lb2-build
2024.12.10 16:55:31 WARN  Could not find semantic tokens for: file:///D:/proj/FUNC_PROG/lb2/build.sbt
дек. 10, 2024 4:55:34 PM org.eclipse.lsp4j.jsonrpc.RemoteEndpoint handleCancellation
WARNING: Unmatched cancel notification for request id 24
2024.12.10 16:55:34 WARN  Flyway upgrade recommended: H2 2.3.232 is newer than this version of Flyway and support has not been tested. The latest supported version of H2 is 2.2.224.
2024.12.10 16:55:35 INFO  time: indexed workspace in 4.43s
дек. 10, 2024 4:56:11 PM org.eclipse.lsp4j.jsonrpc.RemoteEndpoint handleCancellation
WARNING: Unmatched cancel notification for request id 58
дек. 10, 2024 5:01:34 PM org.eclipse.lsp4j.jsonrpc.RemoteEndpoint handleCancellation
WARNING: Unmatched cancel notification for request id 112
2024.12.10 17:01:51 INFO  compiling lb2 (1 scala source)
2024.12.10 17:01:51 INFO  time: compiled lb2 in 0.19s
2024.12.10 17:02:05 INFO  compiling lb2 (1 scala source)
2024.12.10 17:02:05 INFO  time: compiled lb2 in 0.4s
2024.12.10 17:04:02 INFO  compiling lb2 (1 scala source)
2024.12.10 17:04:02 INFO  time: compiled lb2 in 0.38s
2024.12.10 17:04:19 INFO  compiling lb2 (1 scala source)
2024.12.10 17:04:19 INFO  time: compiled lb2 in 0.36s
2024.12.10 17:04:31 INFO  compiling lb2 (1 scala source)
2024.12.10 17:04:31 INFO  time: compiled lb2 in 0.29s
2024.12.10 17:04:48 INFO  compiling lb2 (1 scala source)
2024.12.10 17:04:48 INFO  time: compiled lb2 in 0.61s
2024.12.10 17:05:11 INFO  compiling lb2 (1 scala source)
2024.12.10 17:05:11 INFO  time: compiled lb2 in 0.26s
дек. 10, 2024 5:05:36 PM org.eclipse.lsp4j.jsonrpc.RemoteEndpoint handleCancellation
WARNING: Unmatched cancel notification for request id 485
2024.12.10 17:06:10 INFO  compiling lb2 (1 scala source)
2024.12.10 17:06:10 INFO  time: compiled lb2 in 0.28s
2024.12.10 17:06:27 INFO  compiling lb2 (1 scala source)
2024.12.10 17:06:27 INFO  time: compiled lb2 in 0.35s
2024.12.10 17:06:39 INFO  running 'C:\Program Files\Java\jdk-21\bin\java.exe -Djline.terminal=jline.UnsupportedTerminal -Dsbt.log.noformat=true -Dfile.encoding=UTF-8 -jar C:\Users\Alexis\AppData\Local\Temp\metals17299380971025240385\sbt-launch.jar -Dbloop.export-jar-classifiers=sources bloopInstall'
2024.12.10 17:06:40 INFO  [info] welcome to sbt 1.10.6 (Oracle Corporation Java 21.0.4)
2024.12.10 17:06:40 INFO  [info] loading settings for project lb2-build-build from metals.sbt...
2024.12.10 17:06:41 INFO  [info] loading project definition from D:\proj\FUNC_PROG\lb2\project\project
2024.12.10 17:06:41 INFO  [info] loading settings for project lb2-build from metals.sbt...
2024.12.10 17:06:41 INFO  [info] loading project definition from D:\proj\FUNC_PROG\lb2\project
2024.12.10 17:06:44 INFO  [success] Generated .bloop\lb2-build.json
2024.12.10 17:06:44 INFO  [success] Total time: 2 s, completed 10 дек. 2024 г., 17:06:44
2024.12.10 17:06:44 INFO  [info] loading settings for project lb2 from build.sbt...
2024.12.10 17:06:44 INFO  [info] set current project to hello-world (in build file:/D:/proj/FUNC_PROG/lb2/)
2024.12.10 17:06:44 INFO  [success] Generated .bloop\lb2.json
2024.12.10 17:06:44 INFO  [success] Generated .bloop\lb2-test.json
2024.12.10 17:06:44 INFO  [success] Total time: 0 s, completed 10 дек. 2024 г., 17:06:45
2024.12.10 17:06:45 INFO  time: ran 'sbt bloopInstall' in 5.98s
2024.12.10 17:06:45 INFO  Disconnecting from Bloop session...
2024.12.10 17:06:45 INFO  Shut down connection with build server.
2024.12.10 17:06:45 INFO  Shut down connection with build server.
2024.12.10 17:06:45 INFO  Attempting to connect to the build server...
2024.12.10 17:06:45 INFO  Found a Bloop server running
2024.12.10 17:06:45 INFO  tracing is disabled for protocol BSP, to enable tracing of incoming and outgoing JSON messages create an empty file at D:\proj\FUNC_PROG\lb2\.metals\bsp.trace.json or C:\Users\Alexis\AppData\Local\scalameta\metals\cache\bsp.trace.json
2024.12.10 17:06:45 INFO  Attempting to connect to the build server...
2024.12.10 17:06:45 INFO  Found a Bloop server running
2024.12.10 17:06:46 INFO  tracing is disabled for protocol BSP, to enable tracing of incoming and outgoing JSON messages create an empty file at D:\proj\FUNC_PROG\lb2\project\.metals\bsp.trace.json or C:\Users\Alexis\AppData\Local\scalameta\metals\cache\bsp.trace.json
2024.12.10 17:06:45 INFO  time: Connected to build server in 0.92s
2024.12.10 17:06:45 INFO  Connected to Build server: Bloop v2.0.5
2024.12.10 17:06:46 INFO  running doctor check
2024.12.10 17:06:46 INFO  java targets: lb2, lb2-test, lb2-build
2024.12.10 17:06:48 INFO  time: indexed workspace in 2.23s
2024.12.10 17:07:43 INFO  compiling lb2 (1 scala source)
2024.12.10 17:07:43 INFO  time: compiled lb2 in 0.28s
2024.12.10 17:08:30 INFO  compiling lb2 (1 scala source)
2024.12.10 17:08:30 INFO  time: compiled lb2 in 0.24s
дек. 10, 2024 5:08:44 PM org.eclipse.lsp4j.jsonrpc.RemoteEndpoint handleCancellation
WARNING: Unmatched cancel notification for request id 1140
2024.12.10 17:08:47 INFO  compiling lb2 (1 scala source)
2024.12.10 17:08:47 INFO  time: compiled lb2 in 0.22s
2024.12.10 17:09:07 INFO  compiling lb2 (1 scala source)
2024.12.10 17:09:07 INFO  time: compiled lb2 in 0.2s
2024.12.10 17:12:41 INFO  compiling lb2 (1 scala source)
2024.12.10 17:12:41 INFO  time: compiled lb2 in 0.24s
дек. 10, 2024 5:21:29 PM org.eclipse.lsp4j.jsonrpc.RemoteEndpoint handleCancellation
WARNING: Unmatched cancel notification for request id 1782
2024.12.10 17:22:03 INFO  compiling lb2 (1 scala source)
2024.12.10 17:22:03 INFO  time: compiled lb2 in 0.28s
2024.12.10 17:23:20 INFO  compiling lb2 (1 scala source)
2024.12.10 17:23:20 INFO  time: compiled lb2 in 0.27s
2024.12.10 17:31:16 INFO  compiling lb2 (1 scala source)
2024.12.10 17:31:16 INFO  time: compiled lb2 in 0.19s
2024.12.10 17:31:36 INFO  compiling lb2 (1 scala source)
2024.12.10 17:31:36 INFO  time: compiled lb2 in 0.14s
2024.12.10 17:35:05 INFO  compiling lb2 (1 scala source)
2024.12.10 17:35:05 INFO  time: compiled lb2 in 0.3s
2024.12.10 17:41:21 INFO  compiling lb2 (1 scala source)
2024.12.10 17:41:21 INFO  time: compiled lb2 in 0.35s
2024.12.10 17:41:32 INFO  compiling lb2 (1 scala source)
2024.12.10 17:41:32 INFO  time: compiled lb2 in 0.28s
дек. 10, 2024 5:43:16 PM org.eclipse.lsp4j.jsonrpc.RemoteEndpoint handleCancellation
WARNING: Unmatched cancel notification for request id 2460
2024.12.10 17:43:30 INFO  compiling lb2 (1 scala source)
2024.12.10 17:43:30 INFO  time: compiled lb2 in 0.3s
2024.12.10 17:44:37 INFO  compiling lb2 (1 scala source)
2024.12.10 17:44:37 INFO  time: compiled lb2 in 0.39s
дек. 10, 2024 5:45:27 PM org.eclipse.lsp4j.jsonrpc.RemoteEndpoint handleCancellation
WARNING: Unmatched cancel notification for request id 2744
дек. 10, 2024 5:45:59 PM org.eclipse.lsp4j.jsonrpc.RemoteEndpoint handleCancellation
WARNING: Unmatched cancel notification for request id 2857
2024.12.10 17:46:59 INFO  compiling lb2 (1 scala source)
2024.12.10 17:46:59 INFO  time: compiled lb2 in 0.32s
дек. 10, 2024 5:48:23 PM org.eclipse.lsp4j.jsonrpc.RemoteEndpoint handleCancellation
WARNING: Unmatched cancel notification for request id 3349
2024.12.10 17:48:39 INFO  compiling lb2 (1 scala source)
2024.12.10 17:48:39 INFO  time: compiled lb2 in 0.31s
2024.12.10 17:49:42 INFO  compiling lb2 (1 scala source)
2024.12.10 17:49:42 INFO  time: compiled lb2 in 0.27s
2024.12.10 18:02:26 INFO  compiling lb2 (1 scala source)
2024.12.10 18:02:26 INFO  time: compiled lb2 in 0.28s
дек. 10, 2024 6:07:49 PM org.eclipse.lsp4j.jsonrpc.RemoteEndpoint handleCancellation
WARNING: Unmatched cancel notification for request id 3687
2024.12.10 18:12:08 INFO  compiling lb2 (1 scala source)
2024.12.10 18:12:08 INFO  time: compiled lb2 in 0.34s
2024.12.10 18:15:07 INFO  compiling lb2 (1 scala source)
2024.12.10 18:15:07 INFO  time: compiled lb2 in 0.67s
2024.12.10 18:15:21 INFO  time: compiled lb2 in 4ms
2024.12.10 18:21:21 INFO  compiling lb2 (1 scala source)
2024.12.10 18:21:21 INFO  time: compiled lb2 in 0.34s
2024.12.10 18:21:48 INFO  compiling lb2 (1 scala source)
2024.12.10 18:21:48 INFO  time: compiled lb2 in 0.42s
2024.12.10 19:58:04 INFO  compiling lb2 (1 scala source)
2024.12.10 19:58:05 INFO  time: compiled lb2 in 1.57s
2024.12.10 22:02:26 INFO  compiling lb2 (1 scala source)
2024.12.10 22:02:27 INFO  time: compiled lb2 in 1.28s
2024.12.10 22:04:10 INFO  compiling lb2 (1 scala source)
2024.12.10 22:04:10 INFO  time: compiled lb2 in 0.66s
дек. 10, 2024 10:04:15 PM org.eclipse.lsp4j.jsonrpc.RemoteEndpoint handleCancellation
WARNING: Unmatched cancel notification for request id 5403
дек. 10, 2024 10:04:16 PM org.eclipse.lsp4j.jsonrpc.RemoteEndpoint handleCancellation
WARNING: Unmatched cancel notification for request id 5414
2024.12.10 22:04:44 INFO  compiling lb2 (1 scala source)
2024.12.10 22:04:44 INFO  time: compiled lb2 in 0.48s
2024.12.10 22:08:33 INFO  compiling lb2 (1 scala source)
2024.12.10 22:08:35 INFO  time: compiled lb2 in 1.55s
2024.12.10 22:09:08 INFO  compiling lb2 (1 scala source)
2024.12.10 22:09:08 INFO  time: compiled lb2 in 0.59s
дек. 10, 2024 10:11:16 PM org.eclipse.lsp4j.jsonrpc.RemoteEndpoint handleCancellation
WARNING: Unmatched cancel notification for request id 5726
2024.12.10 22:11:27 INFO  compiling lb2 (1 scala source)
2024.12.10 22:11:27 INFO  time: compiled lb2 in 0.46s
2024.12.10 22:27:51 INFO  compiling lb2 (1 scala source)
2024.12.10 22:27:51 INFO  time: compiled lb2 in 0.82s
2024.12.10 22:28:15 INFO  compiling lb2 (1 scala source)
2024.12.10 22:28:15 INFO  time: compiled lb2 in 0.3s
2024.12.10 22:30:27 INFO  compiling lb2 (1 scala source)
дек. 10, 2024 10:30:28 PM org.eclipse.lsp4j.jsonrpc.RemoteEndpoint handleCancellation
WARNING: Unmatched cancel notification for request id 6189
2024.12.10 22:30:27 INFO  time: compiled lb2 in 0.49s
2024.12.10 22:31:11 INFO  compiling lb2 (1 scala source)
2024.12.10 22:31:11 INFO  time: compiled lb2 in 0.27s
2024.12.10 22:32:15 INFO  compiling lb2 (1 scala source)
2024.12.10 22:32:15 INFO  time: compiled lb2 in 0.22s
2024.12.10 22:32:28 INFO  compiling lb2 (1 scala source)
2024.12.10 22:32:28 INFO  time: compiled lb2 in 0.36s
2024.12.10 22:32:32 INFO  compiling lb2 (1 scala source)
2024.12.10 22:32:32 INFO  time: compiled lb2 in 0.17s
2024.12.10 22:33:12 INFO  compiling lb2 (1 scala source)
2024.12.10 22:33:12 INFO  time: compiled lb2 in 0.34s
2024.12.10 22:34:55 INFO  compiling lb2 (1 scala source)
2024.12.10 22:34:55 INFO  time: compiled lb2 in 0.58s
2024.12.10 22:34:58 INFO  compiling lb2 (1 scala source)
2024.12.10 22:34:58 INFO  time: compiled lb2 in 0.39s
2024.12.10 22:35:01 INFO  time: compiled lb2 in 3ms
2024.12.10 22:37:36 INFO  compiling lb2 (1 scala source)
2024.12.10 22:37:36 INFO  time: compiled lb2 in 0.45s
2024.12.10 22:38:19 INFO  compiling lb2 (1 scala source)
2024.12.10 22:38:19 INFO  time: compiled lb2 in 0.4s
2024.12.10 22:41:31 INFO  compiling lb2 (1 scala source)
2024.12.10 22:41:31 INFO  time: compiled lb2 in 0.47s
2024.12.10 22:41:32 WARN  Could not load snapshot text for D:\proj\FUNC_PROG\lb2\src\main\scala\Main.scala
2024.12.10 22:41:37 WARN  Could not load snapshot text for D:\proj\FUNC_PROG\lb2\src\main\scala\Main.scala
2024.12.10 22:41:39 INFO  compiling lb2 (1 scala source)
2024.12.10 22:41:39 INFO  time: compiled lb2 in 0.52s
2024.12.10 22:41:40 WARN  Could not load snapshot text for D:\proj\FUNC_PROG\lb2\src\main\scala\Main.scala
2024.12.10 22:41:46 WARN  Could not load snapshot text for D:\proj\FUNC_PROG\lb2\src\main\scala\Main.scala
2024.12.10 22:41:46 WARN  Could not load snapshot text for D:\proj\FUNC_PROG\lb2\src\main\scala\Main.scala
2024.12.10 22:41:48 INFO  compiling lb2 (1 scala source)
2024.12.10 22:41:48 INFO  time: compiled lb2 in 0.35s
2024.12.10 22:41:48 WARN  Could not load snapshot text for D:\proj\FUNC_PROG\lb2\src\main\scala\Main.scala
2024.12.10 22:41:56 WARN  Could not load snapshot text for D:\proj\FUNC_PROG\lb2\src\main\scala\Main.scala
2024.12.10 22:41:58 INFO  compiling lb2 (1 scala source)
2024.12.10 22:41:58 INFO  time: compiled lb2 in 0.18s
2024.12.10 22:41:59 WARN  Could not load snapshot text for D:\proj\FUNC_PROG\lb2\src\main\scala\Main.scala
2024.12.10 22:43:26 WARN  Could not load snapshot text for D:\proj\FUNC_PROG\lb2\src\main\scala\Main.scala
2024.12.10 22:43:26 WARN  Could not load snapshot text for D:\proj\FUNC_PROG\lb2\src\main\scala\Main.scala
2024.12.10 22:43:26 WARN  Could not load snapshot text for D:\proj\FUNC_PROG\lb2\src\main\scala\Main.scala
2024.12.10 22:43:29 WARN  Could not load snapshot text for D:\proj\FUNC_PROG\lb2\src\main\scala\Main.scala
2024.12.10 22:43:29 WARN  Could not load snapshot text for D:\proj\FUNC_PROG\lb2\src\main\scala\Main.scala
2024.12.10 22:43:29 WARN  Could not load snapshot text for D:\proj\FUNC_PROG\lb2\src\main\scala\Main.scala
2024.12.10 22:43:33 WARN  Could not load snapshot text for D:\proj\FUNC_PROG\lb2\src\main\scala\Main.scala
2024.12.10 22:43:36 INFO  compiling lb2 (1 scala source)
2024.12.10 22:43:36 INFO  time: compiled lb2 in 0.19s
2024.12.10 22:43:36 WARN  Could not load snapshot text for D:\proj\FUNC_PROG\lb2\src\main\scala\Main.scala
2024.12.10 22:43:45 WARN  Could not load snapshot text for D:\proj\FUNC_PROG\lb2\src\main\scala\Main.scala
2024.12.10 22:43:45 WARN  Could not load snapshot text for D:\proj\FUNC_PROG\lb2\src\main\scala\Main.scala
2024.12.10 22:43:47 INFO  compiling lb2 (1 scala source)
2024.12.10 22:43:47 INFO  time: compiled lb2 in 0.63s
2024.12.10 22:46:50 INFO  compiling lb2 (1 scala source)
2024.12.10 22:46:51 INFO  time: compiled lb2 in 1.4s
2024.12.10 22:46:57 INFO  compiling lb2 (1 scala source)
2024.12.10 22:46:57 INFO  time: compiled lb2 in 0.67s
2024.12.10 22:47:51 INFO  compiling lb2 (1 scala source)
2024.12.10 22:47:51 INFO  time: compiled lb2 in 0.78s
2024.12.10 22:49:19 INFO  compiling lb2 (1 scala source)
2024.12.10 22:49:19 INFO  time: compiled lb2 in 0.44s
2024.12.10 22:49:20 WARN  Could not load snapshot text for D:\proj\FUNC_PROG\lb2\src\main\scala\Main.scala
2024.12.10 22:49:21 WARN  Could not load snapshot text for D:\proj\FUNC_PROG\lb2\src\main\scala\Main.scala
дек. 10, 2024 10:49:21 PM org.eclipse.lsp4j.jsonrpc.RemoteEndpoint handleCancellation
WARNING: Unmatched cancel notification for request id 7359
дек. 10, 2024 10:49:21 PM org.eclipse.lsp4j.jsonrpc.RemoteEndpoint handleCancellation
WARNING: Unmatched cancel notification for request id 7365
2024.12.10 22:49:21 WARN  Could not load snapshot text for D:\proj\FUNC_PROG\lb2\src\main\scala\Main.scala
2024.12.10 22:49:22 WARN  Could not load snapshot text for D:\proj\FUNC_PROG\lb2\src\main\scala\Main.scala
2024.12.10 22:49:22 WARN  Could not load snapshot text for D:\proj\FUNC_PROG\lb2\src\main\scala\Main.scala
2024.12.10 22:49:23 INFO  compiling lb2 (1 scala source)
2024.12.10 22:49:23 INFO  time: compiled lb2 in 0.31s
2024.12.10 22:49:24 WARN  Could not load snapshot text for D:\proj\FUNC_PROG\lb2\src\main\scala\Main.scala
2024.12.10 22:49:26 WARN  Could not load snapshot text for D:\proj\FUNC_PROG\lb2\src\main\scala\Main.scala
2024.12.10 22:49:27 WARN  Could not load snapshot text for D:\proj\FUNC_PROG\lb2\src\main\scala\Main.scala
2024.12.10 22:49:27 WARN  Could not load snapshot text for D:\proj\FUNC_PROG\lb2\src\main\scala\Main.scala
2024.12.10 22:49:27 WARN  Could not load snapshot text for D:\proj\FUNC_PROG\lb2\src\main\scala\Main.scala
2024.12.10 22:49:27 WARN  Could not load snapshot text for D:\proj\FUNC_PROG\lb2\src\main\scala\Main.scala
2024.12.10 22:49:27 WARN  Could not load snapshot text for D:\proj\FUNC_PROG\lb2\src\main\scala\Main.scala
2024.12.10 22:49:30 WARN  Could not load snapshot text for D:\proj\FUNC_PROG\lb2\src\main\scala\Main.scala
2024.12.10 22:49:32 WARN  Could not load snapshot text for D:\proj\FUNC_PROG\lb2\src\main\scala\Main.scala
2024.12.10 22:49:33 INFO  compiling lb2 (1 scala source)
2024.12.10 22:49:33 INFO  time: compiled lb2 in 0.28s
2024.12.10 22:49:34 WARN  Could not load snapshot text for D:\proj\FUNC_PROG\lb2\src\main\scala\Main.scala
2024.12.10 22:49:36 WARN  Could not load snapshot text for D:\proj\FUNC_PROG\lb2\src\main\scala\Main.scala
2024.12.10 22:49:36 WARN  Could not load snapshot text for D:\proj\FUNC_PROG\lb2\src\main\scala\Main.scala
2024.12.10 22:49:49 INFO  compiling lb2 (1 scala source)
2024.12.10 22:49:49 INFO  time: compiled lb2 in 0.58s
2024.12.10 22:51:57 INFO  compiling lb2 (1 scala source)
2024.12.10 22:51:59 INFO  time: compiled lb2 in 1.69s
2024.12.10 22:52:38 INFO  compiling lb2 (1 scala source)
2024.12.10 22:52:38 INFO  time: compiled lb2 in 0.66s
2024.12.10 22:52:52 INFO  time: compiled lb2 in 8ms
2024.12.10 22:53:26 INFO  compiling lb2 (1 scala source)
2024.12.10 22:53:26 INFO  time: compiled lb2 in 0.66s
2024.12.10 22:57:36 INFO  compiling lb2 (1 scala source)
2024.12.10 22:57:38 INFO  time: compiled lb2 in 1.83s
2024.12.10 23:01:38 INFO  compiling lb2 (1 scala source)
2024.12.10 23:01:38 INFO  time: compiled lb2 in 0.34s
2024.12.10 23:01:38 WARN  Could not load snapshot text for D:\proj\FUNC_PROG\lb2\src\main\scala\Main.scala
2024.12.10 23:01:41 WARN  Could not load snapshot text for D:\proj\FUNC_PROG\lb2\src\main\scala\Main.scala
2024.12.10 23:01:47 WARN  Could not load snapshot text for D:\proj\FUNC_PROG\lb2\src\main\scala\Main.scala
2024.12.10 23:01:47 WARN  Could not load snapshot text for D:\proj\FUNC_PROG\lb2\src\main\scala\Main.scala
2024.12.10 23:01:47 WARN  Could not load snapshot text for D:\proj\FUNC_PROG\lb2\src\main\scala\Main.scala
2024.12.10 23:01:47 WARN  Could not load snapshot text for D:\proj\FUNC_PROG\lb2\src\main\scala\Main.scala
2024.12.10 23:01:47 INFO  compiling lb2 (1 scala source)
2024.12.10 23:01:47 INFO  time: compiled lb2 in 0.66s
2024.12.10 23:02:26 INFO  compiling lb2 (1 scala source)
2024.12.10 23:02:26 INFO  time: compiled lb2 in 0.47s
2024.12.10 23:02:34 INFO  compiling lb2 (1 scala source)
2024.12.10 23:02:34 INFO  time: compiled lb2 in 0.39s
2024.12.10 23:04:31 INFO  compiling lb2 (1 scala source)
2024.12.10 23:04:31 INFO  time: compiled lb2 in 0.19s
2024.12.10 23:04:46 INFO  compiling lb2 (1 scala source)
2024.12.10 23:04:46 INFO  time: compiled lb2 in 0.47s
2024.12.10 23:05:51 INFO  compiling lb2 (1 scala source)
2024.12.10 23:05:51 INFO  time: compiled lb2 in 0.4s
2024.12.10 23:06:43 INFO  compiling lb2 (1 scala source)
2024.12.10 23:06:43 INFO  time: compiled lb2 in 0.37s
2024.12.10 23:07:20 INFO  compiling lb2 (1 scala source)
2024.12.10 23:07:20 INFO  time: compiled lb2 in 0.37s
2024.12.10 23:07:57 INFO  compiling lb2 (1 scala source)
2024.12.10 23:07:57 INFO  time: compiled lb2 in 0.38s
2024.12.10 23:13:07 INFO  Shutting down server
2024.12.10 23:13:07 INFO  shutting down Metals
2024.12.10 23:13:07 INFO  Shut down connection with build server.
2024.12.10 23:13:07 INFO  Shut down connection with build server.
2024.12.10 23:13:07 INFO  Exiting server
2024.12.11 12:20:10 INFO  Started: Metals version 1.4.1 in folders 'D:\proj\FUNC_PROG\lb2' for client Visual Studio Code 1.95.3.
2024.12.11 12:20:10 WARN  Flyway upgrade recommended: H2 2.3.232 is newer than this version of Flyway and support has not been tested. The latest supported version of H2 is 2.2.224.
2024.12.11 12:20:11 INFO  no build target found for D:\proj\FUNC_PROG\lb2\src\main\scala\Main.scala. Using presentation compiler with project's scala-library version: 3.3.4
дек. 11, 2024 12:20:12 PM org.eclipse.lsp4j.jsonrpc.RemoteEndpoint handleCancellation
WARNING: Unmatched cancel notification for request id 1
2024.12.11 12:20:12 INFO  Attempting to connect to the build server...
2024.12.11 12:20:12 INFO  No running Bloop server found, starting one.
2024.12.11 12:20:13 INFO  Starting compilation server
2024.12.11 12:20:15 INFO  tracing is disabled for protocol BSP, to enable tracing of incoming and outgoing JSON messages create an empty file at D:\proj\FUNC_PROG\lb2\.metals\bsp.trace.json or C:\Users\Alexis\AppData\Local\scalameta\metals\cache\bsp.trace.json
2024.12.11 12:20:16 INFO  Attempting to connect to the build server...
2024.12.11 12:20:16 INFO  Found a Bloop server running
2024.12.11 12:20:16 INFO  tracing is disabled for protocol BSP, to enable tracing of incoming and outgoing JSON messages create an empty file at D:\proj\FUNC_PROG\lb2\project\.metals\bsp.trace.json or C:\Users\Alexis\AppData\Local\scalameta\metals\cache\bsp.trace.json
2024.12.11 12:20:16 INFO  time: Connected to build server in 3.95s
2024.12.11 12:20:16 INFO  Connected to Build server: Bloop v2.0.5
2024.12.11 12:20:16 INFO  time: Imported build in 0.13s
2024.12.11 12:20:16 INFO  running doctor check
2024.12.11 12:20:16 INFO  java targets: lb2, lb2-test, lb2-build
2024.12.11 12:20:19 WARN  Flyway upgrade recommended: H2 2.3.232 is newer than this version of Flyway and support has not been tested. The latest supported version of H2 is 2.2.224.
2024.12.11 12:20:20 INFO  time: indexed workspace in 4.04s
2024.12.11 12:20:27 INFO  Shutting down server
2024.12.11 12:20:27 INFO  shutting down Metals
2024.12.11 12:20:27 INFO  Shut down connection with build server.
2024.12.11 12:20:27 INFO  Shut down connection with build server.
2024.12.11 12:20:27 INFO  Exiting server
2024.12.11 18:40:01 INFO  Started: Metals version 1.4.1 in folders 'D:\proj\FUNC_PROG\lb2' for client Visual Studio Code 1.95.3.
2024.12.11 18:40:01 WARN  Flyway upgrade recommended: H2 2.3.232 is newer than this version of Flyway and support has not been tested. The latest supported version of H2 is 2.2.224.
2024.12.11 18:40:02 INFO  no build target found for D:\proj\FUNC_PROG\lb2\src\main\scala\Main.scala. Using presentation compiler with project's scala-library version: 3.3.4
дек. 11, 2024 6:40:03 PM org.eclipse.lsp4j.jsonrpc.RemoteEndpoint handleCancellation
WARNING: Unmatched cancel notification for request id 1
2024.12.11 18:40:03 INFO  no build target found for D:\proj\FUNC_PROG\lb2\src\main\scala\Main.scala. Using presentation compiler with project's scala-library version: 3.3.4
2024.12.11 18:40:02 INFO  no build target found for D:\proj\FUNC_PROG\lb2\src\main\scala\Main.scala. Using presentation compiler with project's scala-library version: 3.3.4
2024.12.11 18:40:03 INFO  no build target found for D:\proj\FUNC_PROG\lb2\src\main\scala\Main.scala. Using presentation compiler with project's scala-library version: 3.3.4
2024.12.11 18:40:03 INFO  no build target found for D:\proj\FUNC_PROG\lb2\src\main\scala\Main.scala. Using presentation compiler with project's scala-library version: 3.3.4
2024.12.11 18:40:03 INFO  Attempting to connect to the build server...
2024.12.11 18:40:03 INFO  no build target found for D:\proj\FUNC_PROG\lb2\src\main\scala\Main.scala. Using presentation compiler with project's scala-library version: 3.3.4
2024.12.11 18:40:03 INFO  Found a Bloop server running
2024.12.11 18:40:04 INFO  tracing is disabled for protocol BSP, to enable tracing of incoming and outgoing JSON messages create an empty file at D:\proj\FUNC_PROG\lb2\.metals\bsp.trace.json or C:\Users\Alexis\AppData\Local\scalameta\metals\cache\bsp.trace.json
2024.12.11 18:40:05 INFO  Attempting to connect to the build server...
2024.12.11 18:40:05 INFO  Found a Bloop server running
2024.12.11 18:40:06 INFO  no build target found for D:\proj\FUNC_PROG\lb2\src\main\scala\Main.scala. Using presentation compiler with project's scala-library version: 3.3.4
2024.12.11 18:40:06 INFO  tracing is disabled for protocol BSP, to enable tracing of incoming and outgoing JSON messages create an empty file at D:\proj\FUNC_PROG\lb2\project\.metals\bsp.trace.json or C:\Users\Alexis\AppData\Local\scalameta\metals\cache\bsp.trace.json
2024.12.11 18:40:06 INFO  time: Connected to build server in 3.16s
2024.12.11 18:40:06 INFO  Connected to Build server: Bloop v2.0.5
2024.12.11 18:40:06 INFO  time: Imported build in 0.16s
2024.12.11 18:40:06 INFO  running doctor check
2024.12.11 18:40:06 INFO  java targets: lb2, lb2-test, lb2-build
2024.12.11 18:40:11 WARN  Flyway upgrade recommended: H2 2.3.232 is newer than this version of Flyway and support has not been tested. The latest supported version of H2 is 2.2.224.
2024.12.11 18:40:12 INFO  time: indexed workspace in 6.07s
дек. 11, 2024 6:58:20 PM org.eclipse.lsp4j.jsonrpc.RemoteEndpoint handleCancellation
WARNING: Unmatched cancel notification for request id 64
дек. 11, 2024 6:58:44 PM org.eclipse.lsp4j.jsonrpc.RemoteEndpoint handleCancellation
WARNING: Unmatched cancel notification for request id 132
2024.12.11 18:59:00 INFO  compiling lb2 (1 scala source)
2024.12.11 18:59:04 INFO  time: compiled lb2 in 3.09s
2024.12.11 18:59:51 INFO  compiling lb2 (1 scala source)
2024.12.11 18:59:51 INFO  time: compiled lb2 in 0.69s
2024.12.11 18:59:55 INFO  compiling lb2 (1 scala source)
2024.12.11 18:59:55 INFO  time: compiled lb2 in 0.51s
2024.12.11 19:02:00 INFO  compiling lb2 (1 scala source)
2024.12.11 19:02:00 INFO  time: compiled lb2 in 0.44s
2024.12.11 19:02:17 INFO  compiling lb2 (1 scala source)
2024.12.11 19:02:17 INFO  time: compiled lb2 in 0.47s
2024.12.11 19:02:30 INFO  compiling lb2 (1 scala source)
2024.12.11 19:02:30 INFO  time: compiled lb2 in 0.47s
2024.12.11 19:02:35 INFO  compiling lb2 (1 scala source)
2024.12.11 19:02:35 INFO  time: compiled lb2 in 0.23s
2024.12.11 19:04:39 INFO  compiling lb2 (1 scala source)
2024.12.11 19:04:39 INFO  time: compiled lb2 in 0.24s
2024.12.11 19:04:56 INFO  compiling lb2 (1 scala source)
2024.12.11 19:04:57 INFO  time: compiled lb2 in 1.43s
2024.12.11 19:05:19 INFO  compiling lb2 (1 scala source)
2024.12.11 19:05:19 INFO  time: compiled lb2 in 0.71s
error while checking new Exception(_root_.scala.Predef.???)
error while checking throw new Exception(_root_.scala.Predef.???)
error while checking {
  println(s"Не соблюдены все условия!: {errors}")
  throw new Exception(_root_.scala.Predef.???)
}
error while checking {
  {
    println(s"Не соблюдены все условия!: {errors}")
    throw new Exception(_root_.scala.Predef.???)
  }
  (<error>: ) case _) =>
    {
      throw new Exception("Неизвестная ошибка.")
    }
}
error while checking case (_, Right(errors)) =>
  {
    println(s"Не соблюдены все условия!: {errors}")
    throw new Exception(_root_.scala.Predef.???)
  }
  (<error>: ) case _) =>
    {
      throw new Exception("Неизвестная ошибка.")
    }
error while checking {
  case (password, Left(true)) =>
    password
  case (_, Right(errors)) =>
    {
      println(s"Не соблюдены все условия!: {errors}")
      throw new Exception(_root_.scala.Predef.???)
    }
    (<error>: ) case _) =>
      {
        throw new Exception("Неизвестная ошибка.")
      }
}
error while checking Future(
  {
    println("Введите пароль: ")
    readLine()
  }
).map(
  {
    password =>
      {
        (password, goodEnoughPasswordTry(password))
      }
  }
).map(
  {
    case (password, Left(true)) =>
      password
    case (_, Right(errors)) =>
      {
        println(s"Не соблюдены все условия!: {errors}")
        throw new Exception(_root_.scala.Predef.???)
      }
      (<error>: ) case _) =>
        {
          throw new Exception("Неизвестная ошибка.")
        }
  }
)
error while checking Future(
  {
    println("Введите пароль: ")
    readLine()
  }
).map(
  {
    password =>
      {
        (password, goodEnoughPasswordTry(password))
      }
  }
).map(
  {
    case (password, Left(true)) =>
      password
    case (_, Right(errors)) =>
      {
        println(s"Не соблюдены все условия!: {errors}")
        throw new Exception(_root_.scala.Predef.???)
      }
      (<error>: ) case _) =>
        {
          throw new Exception("Неизвестная ошибка.")
        }
  }
).recoverWith
error while checking Future(
  {
    println("Введите пароль: ")
    readLine()
  }
).map(
  {
    password =>
      {
        (password, goodEnoughPasswordTry(password))
      }
  }
).map(
  {
    case (password, Left(true)) =>
      password
    case (_, Right(errors)) =>
      {
        println(s"Не соблюдены все условия!: {errors}")
        throw new Exception(_root_.scala.Predef.???)
      }
      (<error>: ) case _) =>
        {
          throw new Exception("Неизвестная ошибка.")
        }
  }
).recoverWith(
  {
    case _ =>
      readPassword()
  }
)
error while checking {
  Future(
    {
      println("Введите пароль: ")
      readLine()
    }
  ).map(
    {
      password =>
        {
          (password, goodEnoughPasswordTry(password))
        }
    }
  ).map(
    {
      case (password, Left(true)) =>
        password
      case (_, Right(errors)) =>
        {
          println(s"Не соблюдены все условия!: {errors}")
          throw new Exception(_root_.scala.Predef.???)
        }
        (<error>: ) case _) =>
          {
            throw new Exception("Неизвестная ошибка.")
          }
    }
  ).recoverWith(
    {
      case _ =>
        readPassword()
    }
  )
}
error while checking def readPassword(): Future[String] =
  {
    Future(
      {
        println("Введите пароль: ")
        readLine()
      }
    ).map(
      {
        password =>
          {
            (password, goodEnoughPasswordTry(password))
          }
      }
    ).map(
      {
        case (password, Left(true)) =>
          password
        case (_, Right(errors)) =>
          {
            println(s"Не соблюдены все условия!: {errors}")
            throw new Exception(_root_.scala.Predef.???)
          }
          (<error>: ) case _) =>
            {
              throw new Exception("Неизвестная ошибка.")
            }
      }
    ).recoverWith(
      {
        case _ =>
          readPassword()
      }
    )
  }
error while checking package <empty> {
  import scala.io.StdIn.readLine
  import scala.util.Try
  import scala.util.Success
  import scala.util.Failure
  import scala.concurrent.Future
  import scala.concurrent.ExecutionContext.Implicits.global
  import scala.concurrent.Await
  import scala.concurrent.duration.Duration
  def integralSimpson(f: (Double) => Double, l: Double, r: Double, steps: Int):
    Double =
    {
      require(steps % 2 == 0,
        "Число шагов должно быть чётным для метода Симпсона.")
      val stepSize = (r - l) / steps
      val points = (0 to steps).map(i => l + i * stepSize)
      val valuesForSimpson = points.map(f)
      val sum =
        valuesForSimpson.zipWithIndex.map(
          {
            case (value, i) =>
              if (i == 0 || i == steps) value else
                if (i % 2 == 0) 2 * value else 4 * value
          }
        ).sum
      (stepSize / 3) * sum
    }
  val LOWERCASE_LETTERS = "abcdefghijklmnopqrstuvwxyz"
  val UPPERCASE_LETTERS = "ABCDEFGHIJKLMNOPQRSTUVWXYZ"
  val NUMBERS_LETTERS = "1234567890"
  val SPECIAL_LETTERS = "!@#$%^&*()_+-=[]{}|;:\'/\",.<>?"
  def specialSymbols(passwordCandidate: String, someLetters: String, n: Int):
    Boolean = passwordCandidate.count(char => someLetters.contains(char)) >= n
  def goodEnoughPasswordOption(password: String): Boolean =
    {
      Seq(password.length >= 8, specialSymbols(password, LOWERCASE_LETTERS, 1),
        specialSymbols(password, UPPERCASE_LETTERS, 1),
        specialSymbols(password, NUMBERS_LETTERS, 1),
        specialSymbols(password, SPECIAL_LETTERS, 1)).reduce(
        (_$1, _$2) => _$1 && _$2)
    }
  def goodEnoughPasswordTry(password: String): Either[Boolean, String] =
    {
      val requirements: Map[String, (String) => Boolean] =
        Map(
          "Пароль должен содержать минимум 8 символов." ->
            (_$3 => _$3.length >= 8),
          "Пароль должен содержать минимум 1 латинскую строчную букву." ->
            (_$4 => specialSymbols(_$4, LOWERCASE_LETTERS, 1)),
          "Пароль должен содержать минимум 1 латинскую заглавную букву." ->
            (_$5 => specialSymbols(_$5, UPPERCASE_LETTERS, 1)),
          "Пароль должен содержать минимум 1 цифру." ->
            (_$6 => specialSymbols(_$6, NUMBERS_LETTERS, 1)),
          "Пароль должен содержать минимум 1 специальный символ." ->
            (_$7 => specialSymbols(_$7, SPECIAL_LETTERS, 1))
        )
      val failedChecks =
        requirements.collect(
          {
            case (message, check) if ! check(password) =>
              message
          }
        )
      failedChecks.toList match
        {
          case Nil =>
            Left(true)
          case errors =>
            Right(errors.mkString(" "))
        }
    }
  def readPassword(): Future[String] =
    {
      Future(
        {
          println("Введите пароль: ")
          readLine()
        }
      ).map(
        {
          password =>
            {
              (password, goodEnoughPasswordTry(password))
            }
        }
      ).map(
        {
          case (password, Left(true)) =>
            password
          case (_, Right(errors)) =>
            {
              println(s"Не соблюдены все условия!: {errors}")
              throw new Exception(_root_.scala.Predef.???)
            }
            (<error>: ) case _) =>
              {
                throw new Exception("Неизвестная ошибка.")
              }
        }
      ).recoverWith(
        {
          case _ =>
            readPassword()
        }
      )
    }
  @main def Integral(): Unit =
    {
      println("Первое задание:")
      val result = integralSimpson(x => x * x, 5, 20, 10)
      println(s"Результат: {result}")
      println()
    }
  @main def PasswordOption(): Unit =
    {
      println("Второе задание (Option):")
      println("Придумайте пароль из 8 символов.")
      println(
        "Обязательно наличие: 1 латинской строчной буквы, 1 латинской заглавной буквы, 1 спец. символа, 1 цифры"
        )
      val input = readLine()
      val result = goodEnoughPasswordOption(input)
      if (result)
        {
          println(
            s"
              {
                {
                  result
                }
              }
            , Пароль подходит!"
          )
        }
       else
        {
          println(
            s"
              {
                {
                  result
                }
              }
            , Не соблюдены все условия!"
          )
        }
    }
  @main def PasswordTry(): Unit =
    {
      println("Второе задание (Try):")
      println("Придумайте пароль из 8 символов.")
      println(
        "Обязательно наличие: 1 латинской строчной буквы, 1 латинской заглавной буквы, 1 спец. символа, 1 цифры"
        )
      val input = readLine()
      val result = goodEnoughPasswordTry(input)
      if (result.isLeft)
        {
          println(
            s"
              {
                {
                  result
                }
              }
            , Пароль подходит!"
          )
        }
       else
        {
          println(
            s"
              {
                {
                  result
                }
              }
            , Не соблюдены все условия!"
          )
        }
    }
  @main def PasswordFuture(): Unit =
    {
      println("Второе задание (Future):")
      println("Придумайте пароль из 8 символов.")
      println(
        "Обязательно наличие: 1 латинской строчной буквы, 1 латинской заглавной буквы, 1 спец. символа, 1 цифры"
        )
      val passwordFuture = readPassword()
      val result = Await.result(passwordFuture, Duration.Inf)
      println("Пароль подходит!")
    }
}
дек. 11, 2024 7:06:33 PM scala.meta.internal.pc.CompilerAccess handleError
SEVERE: A severe compiler error occurred, full details of the error can be found in the error report D:\proj\FUNC_PROG\lb2\.metals\.reports\metals-full\2024-12-11\r_compiler-error_(lb2)_19-06-33-486.md
2024.12.11 19:06:33 WARN  Could not find semantic tokens for: file:///D:/proj/FUNC_PROG/lb2/src/main/scala/Main.scala
2024.12.11 19:06:39 INFO  compiling lb2 (1 scala source)
2024.12.11 19:06:39 INFO  time: compiled lb2 in 0.57s
2024.12.11 19:06:50 INFO  compiling lb2 (1 scala source)
2024.12.11 19:06:50 INFO  time: compiled lb2 in 0.52s
2024.12.11 19:08:27 INFO  compiling lb2 (1 scala source)
2024.12.11 19:08:27 INFO  time: compiled lb2 in 0.71s
2024.12.11 19:08:37 INFO  compiling lb2 (1 scala source)
2024.12.11 19:08:37 INFO  time: compiled lb2 in 0.4s
2024.12.11 19:09:02 INFO  compiling lb2 (1 scala source)
2024.12.11 19:09:02 INFO  time: compiled lb2 in 0.42s
2024.12.11 19:09:12 INFO  compiling lb2 (1 scala source)
2024.12.11 19:09:12 INFO  time: compiled lb2 in 0.38s
2024.12.11 19:09:23 INFO  time: compiled lb2 in 4ms
2024.12.11 19:09:44 INFO  compiling lb2 (1 scala source)
2024.12.11 19:09:44 INFO  time: compiled lb2 in 0.39s
дек. 11, 2024 7:12:31 PM org.eclipse.lsp4j.jsonrpc.RemoteEndpoint handleCancellation
WARNING: Unmatched cancel notification for request id 949
2024.12.11 19:12:34 INFO  compiling lb2 (1 scala source)
2024.12.11 19:12:34 INFO  time: compiled lb2 in 0.45s
2024.12.11 19:12:58 INFO  compiling lb2 (1 scala source)
2024.12.11 19:12:58 INFO  time: compiled lb2 in 0.43s
2024.12.11 19:15:43 INFO  compiling lb2 (1 scala source)
2024.12.11 19:15:43 INFO  time: compiled lb2 in 0.43s
2024.12.11 19:24:52 INFO  compiling lb2 (1 scala source)
2024.12.11 19:24:52 INFO  time: compiled lb2 in 0.51s
2024.12.11 19:25:08 INFO  compiling lb2 (1 scala source)
2024.12.11 19:25:08 INFO  time: compiled lb2 in 0.39s
2024.12.11 19:30:28 INFO  compiling lb2 (1 scala source)
2024.12.11 19:30:28 INFO  time: compiled lb2 in 0.29s
2024.12.11 19:32:25 INFO  compiling lb2 (1 scala source)
2024.12.11 19:32:25 INFO  time: compiled lb2 in 0.26s
2024.12.11 19:32:36 INFO  compiling lb2 (1 scala source)
2024.12.11 19:32:36 INFO  time: compiled lb2 in 0.47s
2024.12.11 19:33:17 INFO  compiling lb2 (1 scala source)
2024.12.11 19:33:17 INFO  time: compiled lb2 in 0.42s
дек. 11, 2024 7:36:07 PM org.eclipse.lsp4j.jsonrpc.RemoteEndpoint handleCancellation
WARNING: Unmatched cancel notification for request id 1795
дек. 11, 2024 7:36:12 PM org.eclipse.lsp4j.jsonrpc.RemoteEndpoint handleCancellation
WARNING: Unmatched cancel notification for request id 1824
2024.12.11 19:36:16 INFO  compiling lb2 (1 scala source)
2024.12.11 19:36:16 INFO  time: compiled lb2 in 0.59s
2024.12.11 19:37:15 INFO  compiling lb2 (1 scala source)
2024.12.11 19:37:15 INFO  time: compiled lb2 in 0.44s
2024.12.11 19:37:51 INFO  compiling lb2 (1 scala source)
2024.12.11 19:37:51 INFO  time: compiled lb2 in 0.4s
2024.12.11 19:38:25 INFO  compiling lb2 (1 scala source)
2024.12.11 19:38:25 INFO  time: compiled lb2 in 0.38s
2024.12.11 19:38:37 INFO  compiling lb2 (1 scala source)
2024.12.11 19:38:37 INFO  time: compiled lb2 in 0.33s
дек. 11, 2024 7:39:54 PM org.eclipse.lsp4j.jsonrpc.RemoteEndpoint handleCancellation
WARNING: Unmatched cancel notification for request id 2111
2024.12.11 19:40:49 INFO  compiling lb2 (1 scala source)
2024.12.11 19:40:49 INFO  time: compiled lb2 in 0.39s
дек. 11, 2024 7:41:24 PM org.eclipse.lsp4j.jsonrpc.services.GenericEndpoint notify
INFO: Unsupported notification method: $/setTrace
2024.12.11 19:57:49 INFO  Shutting down server
2024.12.11 19:57:49 INFO  shutting down Metals
2024.12.11 19:57:49 INFO  Shut down connection with build server.
2024.12.11 19:57:49 INFO  Shut down connection with build server.
2024.12.11 19:57:49 INFO  Exiting server
2024.12.11 19:58:18 INFO  Started: Metals version 1.4.1 in folders 'D:\proj\FUNC_PROG\lb2' for client Visual Studio Code 1.95.3.
2024.12.11 19:58:19 WARN  Flyway upgrade recommended: H2 2.3.232 is newer than this version of Flyway and support has not been tested. The latest supported version of H2 is 2.2.224.
2024.12.11 19:58:19 INFO  Attempting to connect to the build server...
2024.12.11 19:58:19 INFO  Found a Bloop server running
2024.12.11 19:58:20 INFO  tracing is disabled for protocol BSP, to enable tracing of incoming and outgoing JSON messages create an empty file at D:\proj\FUNC_PROG\lb2\.metals\bsp.trace.json or C:\Users\Alexis\AppData\Local\scalameta\metals\cache\bsp.trace.json
2024.12.11 19:58:19 INFO  Attempting to connect to the build server...
2024.12.11 19:58:19 INFO  Found a Bloop server running
2024.12.11 19:58:20 INFO  tracing is disabled for protocol BSP, to enable tracing of incoming and outgoing JSON messages create an empty file at D:\proj\FUNC_PROG\lb2\project\.metals\bsp.trace.json or C:\Users\Alexis\AppData\Local\scalameta\metals\cache\bsp.trace.json
2024.12.11 19:58:20 INFO  time: Connected to build server in 1.15s
2024.12.11 19:58:20 INFO  Connected to Build server: Bloop v2.0.5
2024.12.11 19:58:20 INFO  running doctor check
2024.12.11 19:58:20 INFO  java targets: lb2, lb2-test, lb2-build
2024.12.11 19:58:24 WARN  Flyway upgrade recommended: H2 2.3.232 is newer than this version of Flyway and support has not been tested. The latest supported version of H2 is 2.2.224.
2024.12.11 19:58:25 INFO  time: indexed workspace in 5.04s
дек. 11, 2024 7:58:31 PM org.eclipse.lsp4j.jsonrpc.RemoteEndpoint handleCancellation
WARNING: Unmatched cancel notification for request id 14
дек. 11, 2024 7:58:31 PM org.eclipse.lsp4j.jsonrpc.RemoteEndpoint handleCancellation
WARNING: Unmatched cancel notification for request id 15
дек. 11, 2024 7:58:31 PM org.eclipse.lsp4j.jsonrpc.services.GenericEndpoint notify
INFO: Unsupported notification method: $/setTrace
2024.12.11 19:58:44 INFO  Shutting down server
2024.12.11 19:58:44 INFO  shutting down Metals
2024.12.11 19:58:44 INFO  Shut down connection with build server.
2024.12.11 19:58:44 INFO  Shut down connection with build server.
2024.12.11 19:58:44 INFO  Exiting server
2024.12.11 19:58:53 INFO  Started: Metals version 1.4.1 in folders 'D:\proj\FUNC_PROG\lb2' for client Visual Studio Code 1.95.3.
2024.12.11 19:58:54 WARN  Flyway upgrade recommended: H2 2.3.232 is newer than this version of Flyway and support has not been tested. The latest supported version of H2 is 2.2.224.
2024.12.11 19:58:54 INFO  Attempting to connect to the build server...
2024.12.11 19:58:54 INFO  Found a Bloop server running
2024.12.11 19:58:54 INFO  tracing is disabled for protocol BSP, to enable tracing of incoming and outgoing JSON messages create an empty file at D:\proj\FUNC_PROG\lb2\.metals\bsp.trace.json or C:\Users\Alexis\AppData\Local\scalameta\metals\cache\bsp.trace.json
2024.12.11 19:58:54 INFO  Attempting to connect to the build server...
2024.12.11 19:58:54 INFO  Found a Bloop server running
2024.12.11 19:58:55 INFO  tracing is disabled for protocol BSP, to enable tracing of incoming and outgoing JSON messages create an empty file at D:\proj\FUNC_PROG\lb2\project\.metals\bsp.trace.json or C:\Users\Alexis\AppData\Local\scalameta\metals\cache\bsp.trace.json
2024.12.11 19:58:54 INFO  time: Connected to build server in 1.09s
2024.12.11 19:58:54 INFO  Connected to Build server: Bloop v2.0.5
2024.12.11 19:58:55 INFO  running doctor check
2024.12.11 19:58:55 INFO  java targets: lb2, lb2-test, lb2-build
2024.12.11 19:58:58 WARN  Flyway upgrade recommended: H2 2.3.232 is newer than this version of Flyway and support has not been tested. The latest supported version of H2 is 2.2.224.
2024.12.11 19:59:00 INFO  time: indexed workspace in 4.49s
2024.12.12 00:53:59 INFO  Shutting down server
2024.12.12 00:53:59 INFO  shutting down Metals
2024.12.12 00:53:59 INFO  Shut down connection with build server.
2024.12.12 00:53:59 INFO  Shut down connection with build server.
2024.12.12 00:53:59 INFO  Exiting server
2024.12.12 11:27:15 INFO  Started: Metals version 1.4.1 in folders 'D:\proj\FUNC_PROG\lb2' for client Visual Studio Code 1.96.0.
2024.12.12 11:27:16 WARN  Flyway upgrade recommended: H2 2.3.232 is newer than this version of Flyway and support has not been tested. The latest supported version of H2 is 2.2.224.
2024.12.12 11:27:17 INFO  Attempting to connect to the build server...
2024.12.12 11:27:17 INFO  No running Bloop server found, starting one.
2024.12.12 11:27:18 INFO  Starting compilation server
дек. 12, 2024 11:27:20 AM org.eclipse.lsp4j.jsonrpc.services.GenericEndpoint notify
INFO: Unsupported notification method: $/setTrace
2024.12.12 11:27:20 INFO  tracing is disabled for protocol BSP, to enable tracing of incoming and outgoing JSON messages create an empty file at D:\proj\FUNC_PROG\lb2\.metals\bsp.trace.json or C:\Users\Alexis\AppData\Local\scalameta\metals\cache\bsp.trace.json
2024.12.12 11:27:20 INFO  Attempting to connect to the build server...
2024.12.12 11:27:20 INFO  Found a Bloop server running
2024.12.12 11:27:21 INFO  tracing is disabled for protocol BSP, to enable tracing of incoming and outgoing JSON messages create an empty file at D:\proj\FUNC_PROG\lb2\project\.metals\bsp.trace.json or C:\Users\Alexis\AppData\Local\scalameta\metals\cache\bsp.trace.json
2024.12.12 11:27:21 INFO  time: Connected to build server in 4.31s
2024.12.12 11:27:21 INFO  Connected to Build server: Bloop v2.0.5
2024.12.12 11:27:21 INFO  time: Imported build in 0.16s
2024.12.12 11:27:21 INFO  running doctor check
2024.12.12 11:27:21 INFO  java targets: lb2, lb2-test, lb2-build
2024.12.12 11:27:27 WARN  Flyway upgrade recommended: H2 2.3.232 is newer than this version of Flyway and support has not been tested. The latest supported version of H2 is 2.2.224.
2024.12.12 11:27:29 INFO  time: indexed workspace in 7.47s
2024.12.12 11:30:02 INFO  Shutting down server
2024.12.12 11:30:02 INFO  shutting down Metals
2024.12.12 11:30:02 INFO  Shut down connection with build server.
2024.12.12 11:30:02 INFO  Shut down connection with build server.
2024.12.12 11:30:02 INFO  Exiting server
2024.12.12 11:30:12 INFO  Started: Metals version 1.4.1 in folders 'D:\proj\FUNC_PROG\lb2' for client Visual Studio Code 1.96.0.
2024.12.12 11:30:13 WARN  Flyway upgrade recommended: H2 2.3.232 is newer than this version of Flyway and support has not been tested. The latest supported version of H2 is 2.2.224.
2024.12.12 11:30:13 INFO  Attempting to connect to the build server...
2024.12.12 11:30:13 INFO  Found a Bloop server running
2024.12.12 11:30:14 INFO  tracing is disabled for protocol BSP, to enable tracing of incoming and outgoing JSON messages create an empty file at D:\proj\FUNC_PROG\lb2\.metals\bsp.trace.json or C:\Users\Alexis\AppData\Local\scalameta\metals\cache\bsp.trace.json
2024.12.12 11:30:14 INFO  Attempting to connect to the build server...
2024.12.12 11:30:14 INFO  Found a Bloop server running
2024.12.12 11:30:14 INFO  tracing is disabled for protocol BSP, to enable tracing of incoming and outgoing JSON messages create an empty file at D:\proj\FUNC_PROG\lb2\project\.metals\bsp.trace.json or C:\Users\Alexis\AppData\Local\scalameta\metals\cache\bsp.trace.json
2024.12.12 11:30:14 INFO  time: Connected to build server in 1.05s
2024.12.12 11:30:14 INFO  Connected to Build server: Bloop v2.0.5
2024.12.12 11:30:15 INFO  running doctor check
2024.12.12 11:30:15 INFO  java targets: lb2, lb2-test, lb2-build
дек. 12, 2024 11:30:17 AM org.eclipse.lsp4j.jsonrpc.RemoteEndpoint handleCancellation
WARNING: Unmatched cancel notification for request id 1
дек. 12, 2024 11:30:17 AM org.eclipse.lsp4j.jsonrpc.RemoteEndpoint handleCancellation
WARNING: Unmatched cancel notification for request id 5
дек. 12, 2024 11:30:17 AM org.eclipse.lsp4j.jsonrpc.services.GenericEndpoint notify
INFO: Unsupported notification method: $/setTrace
2024.12.12 11:30:18 WARN  Flyway upgrade recommended: H2 2.3.232 is newer than this version of Flyway and support has not been tested. The latest supported version of H2 is 2.2.224.
2024.12.12 11:30:20 INFO  time: indexed workspace in 5.08s
2024.12.12 11:33:28 INFO  Shutting down server
2024.12.12 11:33:28 INFO  shutting down Metals
2024.12.12 11:33:28 INFO  Shut down connection with build server.
2024.12.12 11:33:28 INFO  Shut down connection with build server.
2024.12.12 11:33:28 INFO  Exiting server
